Arguments: 
  /usr/bin/node /usr/bin/yarn add @types/node express @types/express

PATH: 
  /usr/local/sbin:/usr/local/bin:/usr/sbin:/usr/bin:/sbin:/bin:/usr/games:/usr/local/games:/snap/bin

Yarn version: 
  1.22.10

Node version: 
  14.15.1

Platform: 
  linux x64

Trace: 
  Error: EPERM: operation not permitted, symlink '../../../mime/cli.js' -> '/home/vagrant/apps/Trubbish/node_modules/send/node_modules/.bin/mime'

npm manifest: 
  {
    "name": "Trubbish",
    "version": "1.0.0",
    "main": "index.js",
    "repository": "https://github.com/pw-2020qs/Trubbish.git",
    "license": "MIT"
  }

yarn manifest: 
  No manifest

Lockfile: 
  # THIS IS AN AUTOGENERATED FILE. DO NOT EDIT THIS FILE DIRECTLY.
  # yarn lockfile v1
